sample/build/outputs/mapping/release/seeds.txt
cn.pedant.SweetAlert.sample.SampleActivity
cn.pedant.SweetAlert.sample.SampleActivity: SampleActivity()
...
android.support.v7.internal.widget.AbsActionBarView: AbsActionBarView(android.content.Context)
android.support.v7.internal.widget.AbsActionBarView: AbsActionBarView(android.content.Context,android.util.AttributeSet)
android.support.v7.internal.widget.AbsActionBarView: AbsActionBarView(android.content.Context,android.util.AttributeSet,int)
android.support.v7.internal.widget.ActionBarContainer
android.support.v7.internal.widget.ActionBarContainer: ActionBarContainer(android.content.Context)
android.support.v7.internal.widget.ActionBarContainer: ActionBarContainer(android.content.Context,android.util.AttributeSet)
android.support.v7.internal.widget.ActionBarContextView
android.support.v7.internal.widget.ActionBarContextView: ActionBarContextView(android.content.Context)
android.support.v7.internal.widget.ActionBarContextView: ActionBarContextView(android.content.Context,android.util.AttributeSet)
android.support.v7.internal.widget.ActionBarContextView: ActionBarContextView(android.content.Context,android.util.AttributeSet,int)
android.support.v7.internal.widget.ActionBarOverlayLayout
android.support.v7.internal.widget.ActionBarOverlayLayout: ActionBarOverlayLayout(android.content.Context)
android.support.v7.internal.widget.ActionBarOverlayLayout: ActionBarOverlayLayout(android.content.Context,android.util.AttributeSet)
android.support.v7.internal.widget.CompatTextView: CompatTextView(android.content.Context)
android.support.v7.internal.widget.CompatTextView: CompatTextView(android.content.Context,android.util.AttributeSet)
android.support.v7.internal.widget.CompatTextView: CompatTextView(android.content.Context,android.util.AttributeSet,int)
android.support.v7.internal.widget.ContentFrameLayout
android.support.v7.internal.widget.ContentFrameLayout: ContentFrameLayout(android.content.Context)
android.support.v7.internal.widget.ContentFrameLayout: ContentFrameLayout(android.content.Context,android.util.AttributeSet)
android.support.v7.internal.widget.ContentFrameLayout: ContentFrameLayout(android.content.Context,android.util.AttributeSet,int)
android.support.v7.internal.widget.FitWindowsFrameLayout
android.support.v7.internal.widget.FitWindowsFrameLayout: FitWindowsFrameLayout(android.content.Context)
android.support.v7.internal.widget.FitWindowsFrameLayout: FitWindowsFrameLayout(android.content.Context,android.util.AttributeSet)
android.support.v7.internal.widget.FitWindowsLinearLayout
android.support.v7.internal.widget.FitWindowsLinearLayout: FitWindowsLinearLayout(android.content.Context)
android.support.v7.internal.widget.FitWindowsLinearLayout: FitWindowsLinearLayout(android.content.Context,android.util.AttributeSet)
android.support.v7.internal.widget.NativeActionModeAwareLayout
android.support.v7.internal.widget.NativeActionModeAwareLayout: NativeActionModeAwareLayout(android.content.Context,android.util.AttributeSet)
android.support.v7.internal.widget.TintImageView
android.support.v7.internal.widget.TintImageView: TintImageView(android.content.Context)
android.support.v7.internal.widget.TintImageView: TintImageView(android.content.Context,android.util.AttributeSet)
android.support.v7.internal.widget.TintImageView: TintImageView(android.content.Context,android.util.AttributeSet,int)
android.support.v7.internal.widget.ViewStubCompat
android.support.v7.internal.widget.ViewStubCompat: ViewStubCompat(android.content.Context,android.util.AttributeSet)
android.support.v7.internal.widget.ViewStubCompat: ViewStubCompat(android.content.Context,android.util.AttributeSet,int)
android.support.v7.widget.ActionMenuView
android.support.v7.widget.ActionMenuView: ActionMenuView(android.content.Context)
android.support.v7.widget.ActionMenuView: ActionMenuView(android.content.Context,android.util.AttributeSet)