sample/build/outputs/mapping/release/mapping.txt
cn.pedant.SweetAlert.sample.SampleActivity -> cn.pedant.SweetAlert.sample.SampleActivity:
    int i -> a
    void onCreate(android.os.Bundle) -> onCreate
    void onClick(android.view.View) -> onClick
    int access$008(cn.pedant.SweetAlert.sample.SampleActivity) -> a
    int access$000(cn.pedant.SweetAlert.sample.SampleActivity) -> b
    int access$002(cn.pedant.SweetAlert.sample.SampleActivity,int) -> a
cn.pedant.SweetAlert.sample.SampleActivity$1 -> cn.pedant.SweetAlert.sample.a:
    void onClick(cn.pedant.SweetAlert.SweetAlertDialog) -> a
cn.pedant.SweetAlert.sample.SampleActivity$2 -> cn.pedant.SweetAlert.sample.b:
    void onClick(cn.pedant.SweetAlert.SweetAlertDialog) -> a
cn.pedant.SweetAlert.sample.SampleActivity$3 -> cn.pedant.SweetAlert.sample.c:
    void onClick(cn.pedant.SweetAlert.SweetAlertDialog) -> a
cn.pedant.SweetAlert.sample.SampleActivity$4 -> cn.pedant.SweetAlert.sample.d:
    cn.pedant.SweetAlert.SweetAlertDialog val$pDialog -> a
    cn.pedant.SweetAlert.sample.SampleActivity this$0 -> b
    void onTick(long) -> onTick
    void onFinish() -> onFinish
...
android.support.v7.widget.ActionMenuPresenter$ActionButtonSubmenu -> android.support.v7.widget.c:
    android.support.v7.widget.ActionMenuPresenter this$0 -> c
    void onDismiss() -> onDismiss
android.support.v7.widget.ActionMenuPresenter$ActionMenuPopupCallback -> android.support.v7.widget.d:
    android.support.v7.widget.ActionMenuPresenter this$0 -> a
    android.support.v7.widget.ListPopupWindow getPopup() -> a
android.support.v7.widget.ActionMenuPresenter$OpenOverflowRunnable -> android.support.v7.widget.e:
    android.support.v7.widget.ActionMenuPresenter$OverflowPopup mPopup -> a
    android.support.v7.widget.ActionMenuPresenter this$0 -> b
    void run() -> run
android.support.v7.widget.ActionMenuPresenter$OverflowMenuButton -> android.support.v7.widget.f:
    float[] mTempPts -> b
    android.support.v7.widget.ActionMenuPresenter this$0 -> a
    boolean performClick() -> performClick
    boolean needsDividerBefore() -> c
    boolean needsDividerAfter() -> d
    boolean setFrame(int,int,int,int) -> setFrame
android.support.v7.widget.ActionMenuPresenter$OverflowMenuButton$1 -> android.support.v7.widget.g:
    android.support.v7.widget.ActionMenuPresenter$OverflowMenuButton this$1 -> a
    android.support.v7.widget.ListPopupWindow getPopup() -> a
    boolean onForwardingStarted() -> b
    boolean onForwardingStopped() -> c
android.support.v7.widget.ActionMenuPresenter$OverflowPopup -> android.support.v7.widget.h:
    android.support.v7.widget.ActionMenuPresenter this$0 -> c
    void onDismiss() -> onDismiss
android.support.v7.widget.ActionMenuView -> android.support.v7.widget.ActionMenuView:
    boolean mFormatItems -> a
    int mFormatItemsWidth -> b
    int mMinCellSize -> c
    int mGeneratedItemPadding -> d
    void onConfigurationChanged(android.content.res.Configuration) -> onConfigurationChanged
    void onMeasure(int,int) -> onMeasure
    void onLayout(boolean,int,int,int,int) -> onLayout
    void onDetachedFromWindow() -> onDetachedFromWindow
    android.support.v7.widget.ActionMenuView$LayoutParams generateDefaultLayoutParams() -> d
    android.support.v7.widget.ActionMenuView$LayoutParams generateLayoutParams(android.util.AttributeSet) -> b
    android.support.v7.widget.ActionMenuView$LayoutParams generateLayoutParams(android.view.ViewGroup$LayoutParams) -> a
    boolean checkLayoutParams(android.view.ViewGroup$LayoutParams) -> checkLayoutParams
    android.support.v7.widget.ActionMenuView$LayoutParams generateOverflowButtonLayoutParams() -> a
    boolean invokeItem(android.support.v7.internal.view.menu.MenuItemImpl) -> a
    boolean hasSupportDividerBeforeChildAt(int) -> a
    boolean dispatchPopulateAccessibilityEvent(android.view.accessibility.AccessibilityEvent) -> dispatchPopulateAccessibilityEvent
    android.support.v7.widget.LinearLayoutCompat$LayoutParams generateLayoutParams(android.view.ViewGroup$LayoutParams) -> b
    android.support.v7.widget.LinearLayoutCompat$LayoutParams generateDefaultLayoutParams() -> b
android.support.v7.widget.ActionMenuView$ActionMenuChildView -> android.support.v7.widget.i:
    boolean needsDividerBefore() -> c
    boolean needsDividerAfter() -> d
android.support.v7.widget.ActionMenuView$LayoutParams -> android.support.v7.widget.j:
    boolean isOverflowButton -> a
    int cellsUsed -> b
    int extraPixels -> c
    boolean expandable -> d
    boolean preventEdgeOffset -> e
    boolean expanded -> f