sample/build/outputs/mapping/release/usage.txt
cn.pedant.SweetAlert.sample.BuildConfig
cn.pedant.SweetAlert.sample.R
cn.pedant.SweetAlert.sample.R$anim
cn.pedant.SweetAlert.sample.R$attr
cn.pedant.SweetAlert.sample.R$bool
cn.pedant.SweetAlert.sample.R$color
cn.pedant.SweetAlert.sample.R$dimen
cn.pedant.SweetAlert.sample.R$drawable
cn.pedant.SweetAlert.sample.R$id
cn.pedant.SweetAlert.sample.R$integer
cn.pedant.SweetAlert.sample.R$layout
cn.pedant.SweetAlert.sample.R$string
cn.pedant.SweetAlert.sample.R$style
cn.pedant.SweetAlert.sample.R$styleable
...
android.support.v4.hardware.display.DisplayManagerCompat$JellybeanMr1Impl
android.support.v4.hardware.display.DisplayManagerCompat$LegacyImpl
android.support.v4.hardware.display.DisplayManagerJellybeanMr1
android.support.v4.internal.view.SupportMenu:
    public static final int USER_MASK
    public static final int USER_SHIFT
    public static final int CATEGORY_MASK
    public static final int CATEGORY_SHIFT
android.support.v4.internal.view.SupportMenuItem:
    public static final int SHOW_AS_ACTION_NEVER
    public static final int SHOW_AS_ACTION_IF_ROOM
    public static final int SHOW_AS_ACTION_ALWAYS
    public static final int SHOW_AS_ACTION_WITH_TEXT
    public static final int SHOW_AS_ACTION_COLLAPSE_ACTION_VIEW
    public abstract void setShowAsAction(int)
    public abstract android.view.MenuItem setShowAsActionFlags(int)
    public abstract android.view.MenuItem setActionView(android.view.View)
    public abstract android.view.MenuItem setActionView(int)
    public abstract android.view.View getActionView()
    public abstract android.support.v4.internal.view.SupportMenuItem setSupportActionProvider(android.support.v4.view.ActionProvider)
    public abstract android.support.v4.view.ActionProvider getSupportActionProvider()
    public abstract boolean collapseActionView()
    public abstract boolean isActionViewExpanded()
    public abstract android.support.v4.internal.view.SupportMenuItem setSupportOnActionExpandListener(android.support.v4.view.MenuItemCompat$OnActionExpandListener)
android.support.v4.internal.view.SupportSubMenu
android.support.v4.media.MediaMetadataCompat
android.support.v4.media.MediaMetadataCompat$1
android.support.v4.media.MediaMetadataCompat$Builder
android.support.v4.media.MediaMetadataCompatApi21
android.support.v4.media.MediaMetadataCompatApi21$Builder
android.support.v4.media.RatingCompat
android.support.v4.media.RatingCompat$1
android.support.v4.media.RatingCompatApi21
android.support.v4.media.TransportController
android.support.v4.media.TransportMediator
android.support.v4.media.TransportMediator$1
android.support.v4.media.TransportMediator$2
android.support.v4.media.TransportMediatorCallback
android.support.v4.media.TransportMediatorJellybeanMR2
android.support.v4.media.TransportMediatorJellybeanMR2$1
android.support.v4.media.TransportMediatorJellybeanMR2$2
android.support.v4.media.TransportMediatorJellybeanMR2$3
android.support.v4.media.TransportMediatorJellybeanMR2$4
android.support.v4.media.TransportPerformer
android.support.v4.media.TransportStateListener
android.support.v4.media.VolumeProviderCompat
android.support.v4.media.VolumeProviderCompat$1
android.support.v4.media.VolumeProviderCompat$Callback
android.support.v4.media.VolumeProviderCompatApi21
android.support.v4.media.VolumeProviderCompatApi21$1
android.support.v4.media.VolumeProviderCompatApi21$Delegate
android.support.v4.media.routing.MediaRouterJellybean
android.support.v4.media.routing.MediaRouterJellybean$Callback
android.support.v4.media.routing.MediaRouterJellybean$CallbackProxy
android.support.v4.media.routing.MediaRouterJellybean$GetDefaultRouteWorkaround
android.support.v4.media.routing.MediaRouterJellybean$RouteCategory
android.support.v4.media.routing.MediaRouterJellybean$RouteGroup
android.support.v4.media.routing.MediaRouterJellybean$RouteInfo
android.support.v4.media.routing.MediaRouterJellybean$SelectRouteWorkaround
android.support.v4.media.routing.MediaRouterJellybean$UserRouteInfo
android.support.v4.media.routing.MediaRouterJellybean$VolumeCallback
android.support.v4.media.routing.MediaRouterJellybean$VolumeCallbackProxy
android.support.v4.media.routing.MediaRouterJellybeanMr1
android.support.v4.media.routing.MediaRouterJellybeanMr1$ActiveScanWorkaround
android.support.v4.media.routing.MediaRouterJellybeanMr1$Callback
android.support.v4.media.routing.MediaRouterJellybeanMr1$CallbackProxy
android.support.v4.media.routing.MediaRouterJellybeanMr1$IsConnectingWorkaround